<?xml version="1.0" encoding="UTF-8"?>
<!-- Generated by org.testng.reporters.JUnitReportReporter -->
<testsuite skipped="0" hostname="LAPTOP-4PMAD5PP" name="com.webtest.testCases.testCases" tests="1" failures="0" timestamp="2020-11-27T15:09:30 CST" time="19.054" errors="0">
  <testcase name="test1" time="19.054" classname="com.webtest.testCases.testCases"/>
  <system-out/>
</testsuite> <!-- com.webtest.testCases.testCases -->
