<?xml version="1.0" encoding="UTF-8"?>
<!-- Generated by org.testng.reporters.JUnitReportReporter -->
<testsuite skipped="0" hostname="lwshimeinv" name="test.Testcase" tests="4" failures="0" timestamp="2020-11-16T10:24:12 CST" time="0.013" errors="0">
  <testcase name="test1" time="0.002" classname="test.Testcase"/>
  <system-out/>
  <testcase name="test2" time="0.001" classname="test.Testcase"/>
  <system-out/>
  <testcase name="test3" time="0.001" classname="test.Testcase"/>
  <system-out/>
  <testcase name="add" time="0.009" classname="test.Testcase"/>
  <system-out/>
</testsuite> <!-- test.Testcase -->
