<?xml version="1.0" encoding="UTF-8"?>
<!-- Generated by org.testng.reporters.JUnitReportReporter -->
<testsuite skipped="0" hostname="LAPTOP-633JMIIJ" name="com.webtest.demo.Admin_Login" tests="1" failures="0" timestamp="2020-11-11T10:07:02 CST" time="9.555" errors="0">
  <testcase name="testLogin" time="9.555" classname="com.webtest.demo.Admin_Login"/>
  <system-out/>
</testsuite> <!-- com.webtest.demo.Admin_Login -->
