<?xml version="1.0" encoding="UTF-8"?>
<!-- Generated by org.testng.reporters.JUnitReportReporter -->
<testsuite skipped="0" hostname="LAPTOP-633JMIIJ" name="com.webtest.demo.addPicture" tests="1" failures="0" timestamp="2020-06-11T10:57:41 CST" time="61.968" errors="0">
  <testcase name="testAddPictures" time="61.968" classname="com.webtest.demo.addPicture"/>
  <system-out/>
</testsuite> <!-- com.webtest.demo.addPicture -->
