<?xml version="1.0" encoding="UTF-8"?>
<!-- Generated by org.testng.reporters.JUnitReportReporter -->
<testsuite skipped="0" hostname="LAPTOP-633JMIIJ" name="com.webtest.demo.addEvaluation" tests="1" failures="0" timestamp="2020-06-11T11:07:46 CST" time="71.123" errors="0">
  <testcase name="testAddEvaluation" time="71.123" classname="com.webtest.demo.addEvaluation"/>
  <system-out/>
</testsuite> <!-- com.webtest.demo.addEvaluation -->
