<?xml version="1.0" encoding="UTF-8"?>
<!-- Generated by org.testng.reporters.JUnitReportReporter -->
<testsuite skipped="0" hostname="LAPTOP-633JMIIJ" name="com.webtest.demo.AdminLogin" tests="1" failures="0" timestamp="2020-06-11T10:16:30 CST" time="23.896" errors="0">
  <testcase name="testLogin" time="23.896" classname="com.webtest.demo.AdminLogin"/>
  <system-out/>
</testsuite> <!-- com.webtest.demo.AdminLogin -->
