<?xml version="1.0" encoding="UTF-8"?>
<!-- Generated by org.testng.reporters.JUnitReportReporter -->
<testsuite hostname="DESKTOP-9AK6VB2" name="com.www.lw.selenium.Demo2" tests="1" failures="0" timestamp="2 Dec 2020 04:09:10 GMT" time="21.877" errors="0">
  <testcase name="test42" time="21.877" classname="com.www.lw.selenium.Demo2"/>
</testsuite> <!-- com.www.lw.selenium.Demo2 -->
