<?xml version="1.0" encoding="UTF-8"?>
<!-- Generated by org.testng.reporters.JUnitReportReporter -->
<testsuite skipped="0" hostname="lhz" name="com.webtest.demo.XueliDemo" tests="1" failures="0" timestamp="13 五月 2019 00:37:58 GMT" time="19.795" errors="0">
  <testcase name="tongbuke" time="19.795" classname="com.webtest.demo.XueliDemo"/>
</testsuite> <!-- com.webtest.demo.XueliDemo -->
