<?xml version="1.0" encoding="UTF-8"?>
<!-- Generated by org.testng.reporters.JUnitReportReporter -->
<testsuite skipped="0" hostname="LAPTOP-633JMIIJ" name="com.webtest.demo.changeTravels" tests="1" failures="0" timestamp="2020-06-11T10:49:30 CST" time="63.969" errors="0">
  <testcase name="testAddTravels" time="63.969" classname="com.webtest.demo.changeTravels"/>
  <system-out/>
</testsuite> <!-- com.webtest.demo.changeTravels -->
