<?xml version="1.0" encoding="UTF-8"?>
<!-- Generated by org.testng.reporters.JUnitReportReporter -->
<testsuite skipped="0" hostname="LAPTOP-633JMIIJ" name="com.webtest.demo.addTravels" tests="1" failures="0" timestamp="2020-06-12T15:15:31 CST" time="73.663" errors="0">
  <testcase name="testAddTravels" time="73.663" classname="com.webtest.demo.addTravels"/>
  <system-out/>
</testsuite> <!-- com.webtest.demo.addTravels -->
